INFO 2013-05-24 16:21:17.01 [1] - Load started
Exception: 

Src: WebGuiAutomation.Logging.AppAssureLogger
Ctx: 

INFO 2013-05-24 16:21:17.19 [1] - Script assembly with path "D:\Projects\Appasure\replay\testing\TestControlTool\TestControlTool.Core\TestPerformer\WebGuiAutomation.Scripts.dll" successfully loaded
Exception: 

Src: WebGuiAutomation.Logging.AppAssureLogger
Ctx: 

INFO 2013-05-24 16:21:17.19 [1] - Run started
Exception: 

Src: WebGuiAutomation.Logging.AppAssureLogger
Ctx: 

DEBUG 2013-05-24 16:21:17.21 [1] - Creating list of registered tests
Exception: 

Src: WebGuiAutomation.Logging.AppAssureLogger
Ctx: 

INFO 2013-05-24 16:21:17.66 [1] - 'quiet' path doesn't exist
Exception: 

Src: WebGuiAutomation.Logging.AppAssureLogger
Ctx: 

INFO 2013-05-24 16:22:29.37 [1] - Load started
Exception: 

Src: WebGuiAutomation.Logging.AppAssureLogger
Ctx: 

INFO 2013-05-24 16:22:29.45 [1] - Script assembly with path "D:\Projects\Appasure\replay\testing\TestControlTool\TestControlTool.Core\TestPerformer\WebGuiAutomation.Scripts.dll" successfully loaded
Exception: 

Src: WebGuiAutomation.Logging.AppAssureLogger
Ctx: 

INFO 2013-05-24 16:22:29.45 [1] - Run started
Exception: 

Src: WebGuiAutomation.Logging.AppAssureLogger
Ctx: 

DEBUG 2013-05-24 16:22:29.47 [1] - Creating list of registered tests
Exception: 

Src: WebGuiAutomation.Logging.AppAssureLogger
Ctx: 

INFO 2013-05-24 16:22:29.87 [1] - 'quiet' path doesn't exist
Exception: 

Src: WebGuiAutomation.Logging.AppAssureLogger
Ctx: 

INFO 2013-05-24 16:22:58.22 [1] - Load started
Exception: 

Src: WebGuiAutomation.Logging.AppAssureLogger
Ctx: 

INFO 2013-05-24 16:22:58.30 [1] - Script assembly with path "D:\Projects\Appasure\replay\testing\TestControlTool\TestControlTool.Core\TestPerformer\WebGuiAutomation.Scripts.dll" successfully loaded
Exception: 

Src: WebGuiAutomation.Logging.AppAssureLogger
Ctx: 

INFO 2013-05-24 16:22:58.31 [1] - Run started
Exception: 

Src: WebGuiAutomation.Logging.AppAssureLogger
Ctx: 

DEBUG 2013-05-24 16:22:58.31 [1] - Creating list of registered tests
Exception: 

Src: WebGuiAutomation.Logging.AppAssureLogger
Ctx: 

DEBUG 2013-05-24 16:22:58.84 [1] - Can`t find Expression Encoder assembly. Video capture did not start.
Exception: 

Src: WebGuiAutomation.Logging.AppAssureLogger
Ctx: 

INFO 2013-05-25 14:15:34.33 [1] - Load started
Exception: 

Src: WebGuiAutomation.Logging.AppAssureLogger
Ctx: 

INFO 2013-05-25 14:15:34.40 [1] - Script assembly with path ".\TestPerformer\WebGuiAutomation.Scripts.dll" successfully loaded
Exception: 

Src: WebGuiAutomation.Logging.AppAssureLogger
Ctx: 

INFO 2013-05-25 14:15:34.40 [1] - Run started
Exception: 

Src: WebGuiAutomation.Logging.AppAssureLogger
Ctx: 

DEBUG 2013-05-25 14:15:34.42 [1] - Creating list of registered tests
Exception: 

Src: WebGuiAutomation.Logging.AppAssureLogger
Ctx: 

DEBUG 2013-05-25 14:15:34.87 [1] - Can`t find Expression Encoder assembly. Video capture did not start.
Exception: 

Src: WebGuiAutomation.Logging.AppAssureLogger
Ctx: 

